2024-02-11 13:12:39,748 [ERROR]: Error - wrong request method
2024-02-11 13:12:39,749 [ERROR]: Internal Server Error: /auth/api/v1/login/
2024-02-11 13:13:46,681 [WARNING]: Forbidden: /api/v1/calendar/2024/02/
2024-02-11 13:14:01,193 [ERROR]: Error - wrong request method
2024-02-11 13:14:01,193 [ERROR]: Internal Server Error: /auth/api/v1/login/
2024-02-11 13:15:10,112 [INFO]: C:\Users\joshu\Documents\Code Book\Websites\Silk Thread Dev - sites\sites\ProductionProjects\calendar.com\calendar_project\user_auth\views.py changed, reloading.
2024-02-11 13:15:14,188 [ERROR]: Error - wrong request method
2024-02-11 13:15:14,188 [ERROR]: Internal Server Error: /auth/api/v1/login/
2024-02-11 13:15:52,560 [INFO]: C:\Users\joshu\Documents\Code Book\Websites\Silk Thread Dev - sites\sites\ProductionProjects\calendar.com\calendar_project\user_auth\views.py changed, reloading.
2024-02-11 13:15:54,087 [ERROR]: Error - wrong request method
2024-02-11 13:15:54,088 [ERROR]: Internal Server Error: /auth/api/v1/login/
2024-02-11 13:16:18,408 [INFO]: C:\Users\joshu\Documents\Code Book\Websites\Silk Thread Dev - sites\sites\ProductionProjects\calendar.com\calendar_project\user_auth\views.py changed, reloading.
2024-02-11 13:17:35,700 [INFO]: C:\Users\joshu\Documents\Code Book\Websites\Silk Thread Dev - sites\sites\ProductionProjects\calendar.com\calendar_project\user_auth\views.py changed, reloading.
2024-02-11 13:19:34,267 [INFO]: C:\Users\joshu\Documents\Code Book\Websites\Silk Thread Dev - sites\sites\ProductionProjects\calendar.com\calendar_project\user_auth\views.py changed, reloading.
2024-02-11 13:20:08,157 [INFO]: C:\Users\joshu\Documents\Code Book\Websites\Silk Thread Dev - sites\sites\ProductionProjects\calendar.com\calendar_project\user_auth\views.py changed, reloading.
2024-02-11 13:25:16,654 [INFO]: C:\Users\joshu\Documents\Code Book\Websites\Silk Thread Dev - sites\sites\ProductionProjects\calendar.com\calendar_project\user_auth\views.py changed, reloading.
2024-02-11 13:25:28,284 [WARNING]: Forbidden (Origin checking failed - http://127.0.0.1:5501 does not match any trusted origins.): /auth/api/v1/logout
2024-02-11 13:25:28,433 [WARNING]: Forbidden: /api/v1/calendar/2024/02/
2024-02-11 13:26:02,537 [WARNING]: Forbidden: /api/v1/calendar/2024/02/
2024-02-11 13:26:14,575 [WARNING]: Forbidden: /api/v1/calendar/2024/02/
2024-02-11 13:26:19,180 [WARNING]: Forbidden (Origin checking failed - http://127.0.0.1:5501 does not match any trusted origins.): /auth/api/v1/logout
2024-02-11 13:26:19,304 [WARNING]: Forbidden: /api/v1/calendar/2024/02/
2024-02-11 13:26:23,300 [INFO]: C:\Users\joshu\Documents\Code Book\Websites\Silk Thread Dev - sites\sites\ProductionProjects\calendar.com\calendar_project\user_auth\views.py changed, reloading.
2024-02-11 13:27:09,732 [INFO]: C:\Users\joshu\Documents\Code Book\Websites\Silk Thread Dev - sites\sites\ProductionProjects\calendar.com\calendar_project\user_auth\views.py changed, reloading.
2024-02-11 13:27:33,517 [WARNING]: Forbidden: /api/v1/calendar/2024/02/
2024-02-11 13:28:21,282 [INFO]: C:\Users\joshu\Documents\Code Book\Websites\Silk Thread Dev - sites\sites\ProductionProjects\calendar.com\calendar_project\user_auth\views.py changed, reloading.
2024-02-11 13:28:23,485 [WARNING]: Forbidden (Origin checking failed - http://127.0.0.1:5501 does not match any trusted origins.): /auth/api/v1/logout
2024-02-11 13:28:23,645 [WARNING]: Forbidden: /api/v1/calendar/2024/02/
